<?xml version="1.0" encoding="UTF-8"?>
<!-- Generated by org.testng.reporters.JUnitXMLReporter -->
<testsuite ignored="0" hostname="DESKTOP-PTBT4NO" failures="1" tests="2" name="Test" time="3.145" errors="0" timestamp="2022-04-17T19:30:03 IST">
  <testcase classname="testsclasses.kotak3" name="run" time="3.048"/>
  <testcase classname="testsclasses.kotak3" name="verifyUrl" time="0.017">
    <failure type="java.lang.AssertionError" message="expected [true] but found [false]">
      <![CDATA[java.lang.AssertionError: expected [true] but found [false]
at testsclasses.kotak3.verifyUrl(kotak3.java:27)
at java.base/java.util.ArrayList.forEach(ArrayList.java:1511)
... Removed 31 stack frames]]>
    </failure>
  </testcase> <!-- verifyUrl -->
</testsuite> <!-- Test -->
